<?xml version="1.0" encoding="utf-8"?>
<coverage line-rate="1" branch-rate="0.9845" version="1.9" timestamp="1772982702" lines-covered="501" lines-valid="501" branches-covered="318" branches-valid="323">
  <sources>
    <source>C:\Projects\spectre.console\src\Spectre.Console.Phantom\</source>
  </sources>
  <packages>
    <package name="Spectre.Console.Phantom" line-rate="1" branch-rate="0.9845" complexity="384">
      <classes>
        <class name="Spectre.Console.Phantom.AnsiParser" filename="AnsiParser.cs" line-rate="1" branch-rate="0.9887999999999999" complexity="90">
          <methods>
            <method name="Parse" signature="(System.String)" line-rate="1" branch-rate="1" complexity="12">
              <lines>
                <line number="18" hits="520" branch="False" />
                <line number="20" hits="519" branch="False" />
                <line number="21" hits="519" branch="False" />
                <line number="22" hits="519" branch="False" />
                <line number="24" hits="3310" branch="True" condition-coverage="100% (2/2)">
                  <conditions>
                    <condition number="173" type="jump" coverage="100%" />
                  </conditions>
                </line>
                <line number="26" hits="2791" branch="True" condition-coverage="100% (10/10)">
                  <conditions>
                    <condition number="41" type="jump" coverage="100%" />
                    <condition number="45" type="jump" coverage="100%" />
                    <condition number="57" type="jump" coverage="100%" />
                    <condition number="62" type="jump" coverage="100%" />
                    <condition number="50" type="jump" coverage="100%" />
                  </conditions>
                </line>
                <line number="31" hits="253" branch="False" />
                <line number="32" hits="253" branch="False" />
                <line number="33" hits="253" branch="False" />
                <line number="36" hits="130" branch="False" />
                <line number="37" hits="130" branch="False" />
                <line number="38" hits="130" branch="False" />
                <line number="39" hits="130" branch="False" />
                <line number="42" hits="110" branch="False" />
                <line number="43" hits="110" branch="False" />
                <line number="44" hits="110" branch="False" />
                <line number="45" hits="110" branch="False" />
                <line number="48" hits="4" branch="False" />
                <line number="49" hits="4" branch="False" />
                <line number="50" hits="4" branch="False" />
                <line number="51" hits="4" branch="False" />
                <line number="54" hits="2294" branch="False" />
                <line number="55" hits="2294" branch="False" />
                <line number="60" hits="519" branch="False" />
                <line number="61" hits="519" branch="False" />
              </lines>
            </method>
            <method name="FlushText" signature="(System.Text.StringBuilder,System.Collections.Generic.List`1&lt;Spectre.Console.Phantom.AnsiSequence&gt;)" line-rate="1" branch-rate="1" complexity="2">
              <lines>
                <line number="66" hits="1016" branch="True" condition-coverage="100% (2/2)">
                  <conditions>
                    <condition number="7" type="jump" coverage="100%" />
                  </conditions>
                </line>
                <line number="68" hits="270" branch="False" />
                <line number="69" hits="270" branch="False" />
                <line number="71" hits="1016" branch="False" />
              </lines>
            </method>
            <method name="ParseEscapeSequence" signature="(System.String,System.Int32,System.Collections.Generic.List`1&lt;Spectre.Console.Phantom.AnsiSequence&gt;)" line-rate="1" branch-rate="1" complexity="6">
              <lines>
                <line number="76" hits="253" branch="False" />
                <line number="77" hits="253" branch="True" condition-coverage="100% (2/2)">
                  <conditions>
                    <condition number="12" type="jump" coverage="100%" />
                  </conditions>
                </line>
                <line number="79" hits="1" branch="False" />
                <line number="82" hits="252" branch="True" condition-coverage="100% (4/4)">
                  <conditions>
                    <condition number="27" type="jump" coverage="100%" />
                    <condition number="32" type="jump" coverage="100%" />
                  </conditions>
                </line>
                <line number="83" hits="252" branch="False" />
                <line number="84" hits="239" branch="False" />
                <line number="85" hits="12" branch="False" />
                <line number="86" hits="1" branch="False" />
                <line number="87" hits="252" branch="False" />
              </lines>
            </method>
            <method name="ParseCsiSequence" signature="(System.String,System.Int32,System.Collections.Generic.List`1&lt;Spectre.Console.Phantom.AnsiSequence&gt;)" line-rate="1" branch-rate="1" complexity="14">
              <lines>
                <line number="94" hits="239" branch="False" />
                <line number="95" hits="239" branch="True" condition-coverage="100% (4/4)">
                  <conditions>
                    <condition number="9" type="jump" coverage="100%" />
                    <condition number="20" type="jump" coverage="100%" />
                  </conditions>
                </line>
                <line number="97" hits="24" branch="False" />
                <line number="98" hits="24" branch="False" />
                <line number="102" hits="239" branch="False" />
                <line number="103" hits="872" branch="True" condition-coverage="100% (6/6)">
                  <conditions>
                    <condition number="59" type="jump" coverage="100%" />
                    <condition number="70" type="jump" coverage="100%" />
                    <condition number="45" type="jump" coverage="100%" />
                  </conditions>
                </line>
                <line number="105" hits="633" branch="False" />
                <line number="109" hits="239" branch="True" condition-coverage="100% (2/2)">
                  <conditions>
                    <condition number="79" type="jump" coverage="100%" />
                  </conditions>
                </line>
                <line number="111" hits="2" branch="False" />
                <line number="114" hits="237" branch="False" />
                <line number="115" hits="237" branch="False" />
                <line number="117" hits="237" branch="False" />
                <line number="118" hits="237" branch="False" />
                <line number="120" hits="237" branch="True" condition-coverage="100% (2/2)">
                  <conditions>
                    <condition number="123" type="jump" coverage="100%" />
                  </conditions>
                </line>
                <line number="122" hits="24" branch="False" />
                <line number="126" hits="213" branch="False" />
                <line number="129" hits="237" branch="False" />
              </lines>
            </method>
            <method name="ParseStandardCsiSequence" signature="(System.Char,System.Int32[],System.Collections.Generic.List`1&lt;Spectre.Console.Phantom.AnsiSequence&gt;)" line-rate="1" branch-rate="0.9545" complexity="22">
              <lines>
                <line number="137" hits="5" branch="True" condition-coverage="95% (19/20)">
                  <conditions>
                    <condition number="3" type="jump" coverage="100%" />
                    <condition number="9" type="switch" coverage="100%" />
                    <condition number="61" type="jump" coverage="100%" />
                    <condition number="70" type="jump" coverage="100%" />
                    <condition number="78" type="jump" coverage="50%" />
                  </conditions>
                </line>
                <line number="138" hits="5" branch="False" />
                <line number="140" hits="4" branch="False" />
                <line number="141" hits="4" branch="False" />
                <line number="143" hits="5" branch="False" />
                <line number="144" hits="5" branch="False" />
                <line number="146" hits="5" branch="False" />
                <line number="147" hits="5" branch="False" />
                <line number="149" hits="5" branch="False" />
                <line number="150" hits="5" branch="False" />
                <line number="152" hits="8" branch="False" />
                <line number="153" hits="8" branch="False" />
                <line number="154" hits="8" branch="False" />
                <line number="155" hits="8" branch="False" />
                <line number="157" hits="15" branch="False" />
                <line number="158" hits="15" branch="False" />
                <line number="160" hits="7" branch="False" />
                <line number="161" hits="7" branch="False" />
                <line number="163" hits="135" branch="True" condition-coverage="100% (2/2)">
                  <conditions>
                    <condition number="259" type="jump" coverage="100%" />
                  </conditions>
                </line>
                <line number="164" hits="135" branch="False" />
                <line number="166" hits="12" branch="False" />
                <line number="167" hits="12" branch="False" />
                <line number="169" hits="11" branch="False" />
                <line number="172" hits="11" branch="False" />
              </lines>
            </method>
            <method name="ParsePrivateSequence" signature="(System.Char,System.Int32[],System.Collections.Generic.List`1&lt;Spectre.Console.Phantom.AnsiSequence&gt;)" line-rate="1" branch-rate="1" complexity="12">
              <lines>
                <line number="176" hits="24" branch="False" />
                <line number="178" hits="24" branch="True" condition-coverage="100% (4/4)">
                  <conditions>
                    <condition number="14" type="jump" coverage="100%" />
                    <condition number="22" type="jump" coverage="100%" />
                  </conditions>
                </line>
                <line number="180" hits="11" branch="True" condition-coverage="100% (2/2)">
                  <conditions>
                    <condition number="28" type="jump" coverage="100%" />
                  </conditions>
                </line>
                <line number="181" hits="4" branch="False" />
                <line number="182" hits="4" branch="False" />
                <line number="183" hits="7" branch="True" condition-coverage="100% (2/2)">
                  <conditions>
                    <condition number="46" type="jump" coverage="100%" />
                  </conditions>
                </line>
                <line number="184" hits="6" branch="False" />
                <line number="185" hits="6" branch="False" />
                <line number="186" hits="11" branch="True" condition-coverage="100% (2/2)">
                  <conditions>
                    <condition number="64" type="jump" coverage="100%" />
                  </conditions>
                </line>
                <line number="187" hits="7" branch="False" />
                <line number="188" hits="7" branch="False" />
                <line number="189" hits="4" branch="True" condition-coverage="100% (2/2)">
                  <conditions>
                    <condition number="82" type="jump" coverage="100%" />
                  </conditions>
                </line>
                <line number="190" hits="4" branch="False" />
                <line number="193" hits="5" branch="False" />
              </lines>
            </method>
            <method name="ParseOscSequence" signature="(System.String,System.Int32,System.Collections.Generic.List`1&lt;Spectre.Console.Phantom.AnsiSequence&gt;)" line-rate="1" branch-rate="1" complexity="10">
              <lines>
                <line number="198" hits="12" branch="False" />
                <line number="199" hits="188" branch="True" condition-coverage="100% (2/2)">
                  <conditions>
                    <condition number="105" type="jump" coverage="100%" />
                  </conditions>
                </line>
                <line number="201" hits="187" branch="True" condition-coverage="100% (2/2)">
                  <conditions>
                    <condition number="12" type="jump" coverage="100%" />
                  </conditions>
                </line>
                <line number="203" hits="4" branch="False" />
                <line number="204" hits="4" branch="False" />
                <line number="207" hits="183" branch="True" condition-coverage="100% (6/6)">
                  <conditions>
                    <condition number="45" type="jump" coverage="100%" />
                    <condition number="56" type="jump" coverage="100%" />
                    <condition number="69" type="jump" coverage="100%" />
                  </conditions>
                </line>
                <line number="209" hits="7" branch="False" />
                <line number="210" hits="7" branch="False" />
                <line number="213" hits="176" branch="False" />
                <line number="216" hits="1" branch="False" />
              </lines>
            </method>
            <method name="ParseOscContent" signature="(System.String,System.Collections.Generic.List`1&lt;Spectre.Console.Phantom.AnsiSequence&gt;)" line-rate="1" branch-rate="1" complexity="6">
              <lines>
                <line number="222" hits="11" branch="True" condition-coverage="100% (2/2)">
                  <conditions>
                    <condition number="12" type="jump" coverage="100%" />
                  </conditions>
                </line>
                <line number="224" hits="1" branch="False" />
                <line number="227" hits="10" branch="False" />
                <line number="228" hits="10" branch="False" />
                <line number="229" hits="10" branch="True" condition-coverage="100% (2/2)">
                  <conditions>
                    <condition number="47" type="jump" coverage="100%" />
                  </conditions>
                </line>
                <line number="231" hits="1" branch="False" />
                <line number="234" hits="9" branch="False" />
                <line number="235" hits="9" branch="False" />
                <line number="237" hits="9" branch="False" />
                <line number="238" hits="9" branch="True" condition-coverage="100% (2/2)">
                  <conditions>
                    <condition number="102" type="jump" coverage="100%" />
                  </conditions>
                </line>
                <line number="240" hits="1" branch="False" />
                <line number="243" hits="9" branch="False" />
                <line number="244" hits="9" branch="False" />
              </lines>
            </method>
            <method name="ParseParameters" signature="(System.String)" line-rate="1" branch-rate="1" complexity="4">
              <lines>
                <line number="248" hits="237" branch="True" condition-coverage="100% (2/2)">
                  <conditions>
                    <condition number="6" type="jump" coverage="100%" />
                  </conditions>
                </line>
                <line number="250" hits="33" branch="False" />
                <line number="253" hits="204" branch="False" />
                <line number="254" hits="204" branch="False" />
                <line number="255" hits="1062" branch="True" condition-coverage="100% (2/2)">
                  <conditions>
                    <condition number="61" type="jump" coverage="100%" />
                  </conditions>
                </line>
                <line number="257" hits="327" branch="False" />
                <line number="260" hits="204" branch="False" />
              </lines>
            </method>
            <method name="GetParam" signature="(System.Int32[],System.Int32,System.Int32)" line-rate="1" branch-rate="1" complexity="2">
              <lines>
                <line number="265" hits="86" branch="True" condition-coverage="100% (2/2)">
                  <conditions>
                    <condition number="4" type="jump" coverage="100%" />
                  </conditions>
                </line>
              </lines>
            </method>
          </methods>
          <lines>
            <line number="18" hits="520" branch="False" />
            <line number="20" hits="519" branch="False" />
            <line number="21" hits="519" branch="False" />
            <line number="22" hits="519" branch="False" />
            <line number="24" hits="3310" branch="True" condition-coverage="100% (2/2)">
              <conditions>
                <condition number="173" type="jump" coverage="100%" />
              </conditions>
            </line>
            <line number="26" hits="2791" branch="True" condition-coverage="100% (10/10)">
              <conditions>
                <condition number="41" type="jump" coverage="100%" />
                <condition number="45" type="jump" coverage="100%" />
                <condition number="57" type="jump" coverage="100%" />
                <condition number="62" type="jump" coverage="100%" />
                <condition number="50" type="jump" coverage="100%" />
              </conditions>
            </line>
            <line number="31" hits="253" branch="False" />
            <line number="32" hits="253" branch="False" />
            <line number="33" hits="253" branch="False" />
            <line number="36" hits="130" branch="False" />
            <line number="37" hits="130" branch="False" />
            <line number="38" hits="130" branch="False" />
            <line number="39" hits="130" branch="False" />
            <line number="42" hits="110" branch="False" />
            <line number="43" hits="110" branch="False" />
            <line number="44" hits="110" branch="False" />
            <line number="45" hits="110" branch="False" />
            <line number="48" hits="4" branch="False" />
            <line number="49" hits="4" branch="False" />
            <line number="50" hits="4" branch="False" />
            <line number="51" hits="4" branch="False" />
            <line number="54" hits="2294" branch="False" />
            <line number="55" hits="2294" branch="False" />
            <line number="60" hits="519" branch="False" />
            <line number="61" hits="519" branch="False" />
            <line number="66" hits="1016" branch="True" condition-coverage="100% (2/2)">
              <conditions>
                <condition number="7" type="jump" coverage="100%" />
              </conditions>
            </line>
            <line number="68" hits="270" branch="False" />
            <line number="69" hits="270" branch="False" />
            <line number="71" hits="1016" branch="False" />
            <line number="76" hits="253" branch="False" />
            <line number="77" hits="253" branch="True" condition-coverage="100% (2/2)">
              <conditions>
                <condition number="12" type="jump" coverage="100%" />
              </conditions>
            </line>
            <line number="79" hits="1" branch="False" />
            <line number="82" hits="252" branch="True" condition-coverage="100% (4/4)">
              <conditions>
                <condition number="27" type="jump" coverage="100%" />
                <condition number="32" type="jump" coverage="100%" />
              </conditions>
            </line>
            <line number="83" hits="252" branch="False" />
            <line number="84" hits="239" branch="False" />
            <line number="85" hits="12" branch="False" />
            <line number="86" hits="1" branch="False" />
            <line number="87" hits="252" branch="False" />
            <line number="94" hits="239" branch="False" />
            <line number="95" hits="239" branch="True" condition-coverage="100% (4/4)">
              <conditions>
                <condition number="9" type="jump" coverage="100%" />
                <condition number="20" type="jump" coverage="100%" />
              </conditions>
            </line>
            <line number="97" hits="24" branch="False" />
            <line number="98" hits="24" branch="False" />
            <line number="102" hits="239" branch="False" />
            <line number="103" hits="872" branch="True" condition-coverage="100% (6/6)">
              <conditions>
                <condition number="59" type="jump" coverage="100%" />
                <condition number="70" type="jump" coverage="100%" />
                <condition number="45" type="jump" coverage="100%" />
              </conditions>
            </line>
            <line number="105" hits="633" branch="False" />
            <line number="109" hits="239" branch="True" condition-coverage="100% (2/2)">
              <conditions>
                <condition number="79" type="jump" coverage="100%" />
              </conditions>
            </line>
            <line number="111" hits="2" branch="False" />
            <line number="114" hits="237" branch="False" />
            <line number="115" hits="237" branch="False" />
            <line number="117" hits="237" branch="False" />
            <line number="118" hits="237" branch="False" />
            <line number="120" hits="237" branch="True" condition-coverage="100% (2/2)">
              <conditions>
                <condition number="123" type="jump" coverage="100%" />
              </conditions>
            </line>
            <line number="122" hits="24" branch="False" />
            <line number="126" hits="213" branch="False" />
            <line number="129" hits="237" branch="False" />
            <line number="137" hits="5" branch="True" condition-coverage="95% (19/20)">
              <conditions>
                <condition number="3" type="jump" coverage="100%" />
                <condition number="9" type="switch" coverage="100%" />
                <condition number="61" type="jump" coverage="100%" />
                <condition number="70" type="jump" coverage="100%" />
                <condition number="78" type="jump" coverage="50%" />
              </conditions>
            </line>
            <line number="138" hits="5" branch="False" />
            <line number="140" hits="4" branch="False" />
            <line number="141" hits="4" branch="False" />
            <line number="143" hits="5" branch="False" />
            <line number="144" hits="5" branch="False" />
            <line number="146" hits="5" branch="False" />
            <line number="147" hits="5" branch="False" />
            <line number="149" hits="5" branch="False" />
            <line number="150" hits="5" branch="False" />
            <line number="152" hits="8" branch="False" />
            <line number="153" hits="8" branch="False" />
            <line number="154" hits="8" branch="False" />
            <line number="155" hits="8" branch="False" />
            <line number="157" hits="15" branch="False" />
            <line number="158" hits="15" branch="False" />
            <line number="160" hits="7" branch="False" />
            <line number="161" hits="7" branch="False" />
            <line number="163" hits="135" branch="True" condition-coverage="100% (2/2)">
              <conditions>
                <condition number="259" type="jump" coverage="100%" />
              </conditions>
            </line>
            <line number="164" hits="135" branch="False" />
            <line number="166" hits="12" branch="False" />
            <line number="167" hits="12" branch="False" />
            <line number="169" hits="11" branch="False" />
            <line number="172" hits="11" branch="False" />
            <line number="176" hits="24" branch="False" />
            <line number="178" hits="24" branch="True" condition-coverage="100% (4/4)">
              <conditions>
                <condition number="14" type="jump" coverage="100%" />
                <condition number="22" type="jump" coverage="100%" />
              </conditions>
            </line>
            <line number="180" hits="11" branch="True" condition-coverage="100% (2/2)">
              <conditions>
                <condition number="28" type="jump" coverage="100%" />
              </conditions>
            </line>
            <line number="181" hits="4" branch="False" />
            <line number="182" hits="4" branch="False" />
            <line number="183" hits="7" branch="True" condition-coverage="100% (2/2)">
              <conditions>
                <condition number="46" type="jump" coverage="100%" />
              </conditions>
            </line>
            <line number="184" hits="6" branch="False" />
            <line number="185" hits="6" branch="False" />
            <line number="186" hits="11" branch="True" condition-coverage="100% (2/2)">
              <conditions>
                <condition number="64" type="jump" coverage="100%" />
              </conditions>
            </line>
            <line number="187" hits="7" branch="False" />
            <line number="188" hits="7" branch="False" />
            <line number="189" hits="4" branch="True" condition-coverage="100% (2/2)">
              <conditions>
                <condition number="82" type="jump" coverage="100%" />
              </conditions>
            </line>
            <line number="190" hits="4" branch="False" />
            <line number="193" hits="5" branch="False" />
            <line number="198" hits="12" branch="False" />
            <line number="199" hits="188" branch="True" condition-coverage="100% (2/2)">
              <conditions>
                <condition number="105" type="jump" coverage="100%" />
              </conditions>
            </line>
            <line number="201" hits="187" branch="True" condition-coverage="100% (2/2)">
              <conditions>
                <condition number="12" type="jump" coverage="100%" />
              </conditions>
            </line>
            <line number="203" hits="4" branch="False" />
            <line number="204" hits="4" branch="False" />
            <line number="207" hits="183" branch="True" condition-coverage="100% (6/6)">
              <conditions>
                <condition number="45" type="jump" coverage="100%" />
                <condition number="56" type="jump" coverage="100%" />
                <condition number="69" type="jump" coverage="100%" />
              </conditions>
            </line>
            <line number="209" hits="7" branch="False" />
            <line number="210" hits="7" branch="False" />
            <line number="213" hits="176" branch="False" />
            <line number="216" hits="1" branch="False" />
            <line number="222" hits="11" branch="True" condition-coverage="100% (2/2)">
              <conditions>
                <condition number="12" type="jump" coverage="100%" />
              </conditions>
            </line>
            <line number="224" hits="1" branch="False" />
            <line number="227" hits="10" branch="False" />
            <line number="228" hits="10" branch="False" />
            <line number="229" hits="10" branch="True" condition-coverage="100% (2/2)">
              <conditions>
                <condition number="47" type="jump" coverage="100%" />
              </conditions>
            </line>
            <line number="231" hits="1" branch="False" />
            <line number="234" hits="9" branch="False" />
            <line number="235" hits="9" branch="False" />
            <line number="237" hits="9" branch="False" />
            <line number="238" hits="9" branch="True" condition-coverage="100% (2/2)">
              <conditions>
                <condition number="102" type="jump" coverage="100%" />
              </conditions>
            </line>
            <line number="240" hits="1" branch="False" />
            <line number="243" hits="9" branch="False" />
            <line number="244" hits="9" branch="False" />
            <line number="248" hits="237" branch="True" condition-coverage="100% (2/2)">
              <conditions>
                <condition number="6" type="jump" coverage="100%" />
              </conditions>
            </line>
            <line number="250" hits="33" branch="False" />
            <line number="253" hits="204" branch="False" />
            <line number="254" hits="204" branch="False" />
            <line number="255" hits="1062" branch="True" condition-coverage="100% (2/2)">
              <conditions>
                <condition number="61" type="jump" coverage="100%" />
              </conditions>
            </line>
            <line number="257" hits="327" branch="False" />
            <line number="260" hits="204" branch="False" />
            <line number="265" hits="86" branch="True" condition-coverage="100% (2/2)">
              <conditions>
                <condition number="4" type="jump" coverage="100%" />
              </conditions>
            </line>
          </lines>
        </class>
        <class name="Spectre.Console.Phantom.AnsiSequence/Text" filename="AnsiSequence.cs" line-rate="1" branch-rate="1" complexity="1">
          <methods>
            <method name="get_Content" signature="()" line-rate="1" branch-rate="1" complexity="1">
              <lines>
                <line number="11" hits="538" branch="False" />
              </lines>
            </method>
          </methods>
          <lines>
            <line number="11" hits="538" branch="False" />
          </lines>
        </class>
        <class name="Spectre.Console.Phantom.AnsiSequence/Sgr" filename="AnsiSequence.cs" line-rate="1" branch-rate="1" complexity="1">
          <methods>
            <method name="get_Parameters" signature="()" line-rate="1" branch-rate="1" complexity="1">
              <lines>
                <line number="17" hits="270" branch="False" />
              </lines>
            </method>
          </methods>
          <lines>
            <line number="17" hits="270" branch="False" />
          </lines>
        </class>
        <class name="Spectre.Console.Phantom.AnsiSequence/CursorMove" filename="AnsiSequence.cs" line-rate="1" branch-rate="1" complexity="1">
          <methods>
            <method name="get_Direction" signature="()" line-rate="1" branch-rate="1" complexity="1">
              <lines>
                <line number="22" hits="53" branch="False" />
              </lines>
            </method>
          </methods>
          <lines>
            <line number="22" hits="53" branch="False" />
          </lines>
        </class>
        <class name="Spectre.Console.Phantom.AnsiSequence/CursorPosition" filename="AnsiSequence.cs" line-rate="1" branch-rate="1" complexity="1">
          <methods>
            <method name="get_Row" signature="()" line-rate="1" branch-rate="1" complexity="1">
              <lines>
                <line number="28" hits="24" branch="False" />
              </lines>
            </method>
          </methods>
          <lines>
            <line number="28" hits="24" branch="False" />
          </lines>
        </class>
        <class name="Spectre.Console.Phantom.AnsiSequence/CursorHorizontalAbsolute" filename="AnsiSequence.cs" line-rate="1" branch-rate="1" complexity="1">
          <methods>
            <method name="get_Column" signature="()" line-rate="1" branch-rate="1" complexity="1">
              <lines>
                <line number="34" hits="10" branch="False" />
              </lines>
            </method>
          </methods>
          <lines>
            <line number="34" hits="10" branch="False" />
          </lines>
        </class>
        <class name="Spectre.Console.Phantom.AnsiSequence/CursorVisibility" filename="AnsiSequence.cs" line-rate="1" branch-rate="1" complexity="1">
          <methods>
            <method name="get_Visible" signature="()" line-rate="1" branch-rate="1" complexity="1">
              <lines>
                <line number="49" hits="20" branch="False" />
              </lines>
            </method>
          </methods>
          <lines>
            <line number="49" hits="20" branch="False" />
          </lines>
        </class>
        <class name="Spectre.Console.Phantom.AnsiSequence/EraseInDisplay" filename="AnsiSequence.cs" line-rate="1" branch-rate="1" complexity="1">
          <methods>
            <method name="get_Mode" signature="()" line-rate="1" branch-rate="1" complexity="1">
              <lines>
                <line number="54" hits="28" branch="False" />
              </lines>
            </method>
          </methods>
          <lines>
            <line number="54" hits="28" branch="False" />
          </lines>
        </class>
        <class name="Spectre.Console.Phantom.AnsiSequence/EraseInLine" filename="AnsiSequence.cs" line-rate="1" branch-rate="1" complexity="1">
          <methods>
            <method name="get_Mode" signature="()" line-rate="1" branch-rate="1" complexity="1">
              <lines>
                <line number="59" hits="14" branch="False" />
              </lines>
            </method>
          </methods>
          <lines>
            <line number="59" hits="14" branch="False" />
          </lines>
        </class>
        <class name="Spectre.Console.Phantom.AnsiSequence/AlternateScreen" filename="AnsiSequence.cs" line-rate="1" branch-rate="1" complexity="1">
          <methods>
            <method name="get_Enter" signature="()" line-rate="1" branch-rate="1" complexity="1">
              <lines>
                <line number="64" hits="22" branch="False" />
              </lines>
            </method>
          </methods>
          <lines>
            <line number="64" hits="22" branch="False" />
          </lines>
        </class>
        <class name="Spectre.Console.Phantom.AnsiSequence/Hyperlink" filename="AnsiSequence.cs" line-rate="1" branch-rate="1" complexity="1">
          <methods>
            <method name="get_Id" signature="()" line-rate="1" branch-rate="1" complexity="1">
              <lines>
                <line number="69" hits="23" branch="False" />
              </lines>
            </method>
          </methods>
          <lines>
            <line number="69" hits="23" branch="False" />
          </lines>
        </class>
        <class name="Spectre.Console.Phantom.PhantomConsole" filename="PhantomConsole.cs" line-rate="1" branch-rate="1" complexity="2">
          <methods>
            <method name="Create" signature="(System.Int32,System.Int32,Spectre.Console.ColorSystem,Spectre.Console.AnsiSupport)" line-rate="1" branch-rate="1" complexity="1">
              <lines>
                <line number="24" hits="47" branch="False" />
                <line number="25" hits="47" branch="False" />
                <line number="27" hits="47" branch="False" />
                <line number="28" hits="47" branch="False" />
                <line number="29" hits="47" branch="False" />
                <line number="30" hits="47" branch="False" />
                <line number="31" hits="47" branch="False" />
                <line number="32" hits="47" branch="False" />
                <line number="33" hits="47" branch="False" />
                <line number="35" hits="47" branch="False" />
              </lines>
            </method>
            <method name="CreateInteractive" signature="(System.Int32,System.Int32,Spectre.Console.ColorSystem)" line-rate="1" branch-rate="1" complexity="1">
              <lines>
                <line number="47" hits="1" branch="False" />
                <line number="48" hits="1" branch="False" />
                <line number="50" hits="1" branch="False" />
                <line number="51" hits="1" branch="False" />
                <line number="52" hits="1" branch="False" />
                <line number="53" hits="1" branch="False" />
                <line number="54" hits="1" branch="False" />
                <line number="55" hits="1" branch="False" />
                <line number="56" hits="1" branch="False" />
                <line number="58" hits="1" branch="False" />
              </lines>
            </method>
          </methods>
          <lines>
            <line number="24" hits="47" branch="False" />
            <line number="25" hits="47" branch="False" />
            <line number="27" hits="47" branch="False" />
            <line number="28" hits="47" branch="False" />
            <line number="29" hits="47" branch="False" />
            <line number="30" hits="47" branch="False" />
            <line number="31" hits="47" branch="False" />
            <line number="32" hits="47" branch="False" />
            <line number="33" hits="47" branch="False" />
            <line number="35" hits="47" branch="False" />
            <line number="47" hits="1" branch="False" />
            <line number="48" hits="1" branch="False" />
            <line number="50" hits="1" branch="False" />
            <line number="51" hits="1" branch="False" />
            <line number="52" hits="1" branch="False" />
            <line number="53" hits="1" branch="False" />
            <line number="54" hits="1" branch="False" />
            <line number="55" hits="1" branch="False" />
            <line number="56" hits="1" branch="False" />
            <line number="58" hits="1" branch="False" />
          </lines>
        </class>
        <class name="Spectre.Console.Phantom.PhantomConsoleOutput" filename="PhantomConsoleOutput.cs" line-rate="1" branch-rate="1" complexity="10">
          <methods>
            <method name="get_Terminal" signature="()" line-rate="1" branch-rate="1" complexity="1">
              <lines>
                <line number="17" hits="46" branch="False" />
              </lines>
            </method>
            <method name="get_RawOutput" signature="()" line-rate="1" branch-rate="1" complexity="1">
              <lines>
                <line number="22" hits="13" branch="False" />
              </lines>
            </method>
            <method name="get_Writer" signature="()" line-rate="1" branch-rate="1" complexity="1">
              <lines>
                <line number="27" hits="167" branch="False" />
              </lines>
            </method>
            <method name="get_IsTerminal" signature="()" line-rate="1" branch-rate="1" complexity="1">
              <lines>
                <line number="32" hits="1" branch="False" />
              </lines>
            </method>
            <method name="get_Width" signature="()" line-rate="1" branch-rate="1" complexity="1">
              <lines>
                <line number="37" hits="96" branch="False" />
              </lines>
            </method>
            <method name="get_Height" signature="()" line-rate="1" branch-rate="1" complexity="1">
              <lines>
                <line number="42" hits="50" branch="False" />
              </lines>
            </method>
            <method name="SetEncoding" signature="(System.Text.Encoding)" line-rate="1" branch-rate="1" complexity="1">
              <lines>
                <line number="50" hits="2" branch="False" />
              </lines>
            </method>
            <method name="Capture" signature="(System.String)" line-rate="1" branch-rate="1" complexity="1">
              <lines>
                <line number="61" hits="333" branch="False" />
                <line number="62" hits="333" branch="False" />
                <line number="63" hits="333" branch="False" />
              </lines>
            </method>
            <method name="Reset" signature="()" line-rate="1" branch-rate="1" complexity="1">
              <lines>
                <line number="70" hits="2" branch="False" />
                <line number="71" hits="2" branch="False" />
                <line number="72" hits="2" branch="False" />
              </lines>
            </method>
            <method name=".ctor" signature="(Spectre.Console.Phantom.PhantomTerminal)" line-rate="1" branch-rate="1" complexity="1">
              <lines>
                <line number="12" hits="63" branch="False" />
                <line number="52" hits="63" branch="False" />
                <line number="54" hits="63" branch="False" />
                <line number="55" hits="62" branch="False" />
                <line number="56" hits="62" branch="False" />
                <line number="57" hits="62" branch="False" />
              </lines>
            </method>
          </methods>
          <lines>
            <line number="17" hits="46" branch="False" />
            <line number="22" hits="13" branch="False" />
            <line number="27" hits="167" branch="False" />
            <line number="32" hits="1" branch="False" />
            <line number="37" hits="96" branch="False" />
            <line number="42" hits="50" branch="False" />
            <line number="50" hits="2" branch="False" />
            <line number="61" hits="333" branch="False" />
            <line number="62" hits="333" branch="False" />
            <line number="63" hits="333" branch="False" />
            <line number="70" hits="2" branch="False" />
            <line number="71" hits="2" branch="False" />
            <line number="72" hits="2" branch="False" />
            <line number="12" hits="63" branch="False" />
            <line number="52" hits="63" branch="False" />
            <line number="54" hits="63" branch="False" />
            <line number="55" hits="62" branch="False" />
            <line number="56" hits="62" branch="False" />
            <line number="57" hits="62" branch="False" />
          </lines>
        </class>
        <class name="Spectre.Console.Phantom.PhantomConsoleOutput/PhantomTextWriter" filename="PhantomConsoleOutput.cs" line-rate="1" branch-rate="1" complexity="9">
          <methods>
            <method name="get_Encoding" signature="()" line-rate="1" branch-rate="1" complexity="1">
              <lines>
                <line number="78" hits="49" branch="False" />
              </lines>
            </method>
            <method name="Write" signature="(System.Char)" line-rate="1" branch-rate="1" complexity="1">
              <lines>
                <line number="87" hits="2" branch="False" />
                <line number="88" hits="2" branch="False" />
              </lines>
            </method>
            <method name="Write" signature="(System.String)" line-rate="1" branch-rate="1" complexity="2">
              <lines>
                <line number="92" hits="323" branch="True" condition-coverage="100% (2/2)">
                  <conditions>
                    <condition number="1" type="jump" coverage="100%" />
                  </conditions>
                </line>
                <line number="94" hits="322" branch="False" />
                <line number="96" hits="323" branch="False" />
              </lines>
            </method>
            <method name="Write" signature="(System.ReadOnlySpan`1&lt;System.Char&gt;)" line-rate="1" branch-rate="1" complexity="1">
              <lines>
                <line number="100" hits="2" branch="False" />
                <line number="101" hits="2" branch="False" />
              </lines>
            </method>
            <method name="WriteLine" signature="(System.String)" line-rate="1" branch-rate="1" complexity="2">
              <lines>
                <line number="105" hits="3" branch="True" condition-coverage="100% (2/2)">
                  <conditions>
                    <condition number="1" type="jump" coverage="100%" />
                  </conditions>
                </line>
                <line number="107" hits="2" branch="False" />
                <line number="110" hits="3" branch="False" />
                <line number="111" hits="3" branch="False" />
              </lines>
            </method>
            <method name="WriteLine" signature="()" line-rate="1" branch-rate="1" complexity="1">
              <lines>
                <line number="115" hits="2" branch="False" />
                <line number="116" hits="2" branch="False" />
              </lines>
            </method>
            <method name=".ctor" signature="(Spectre.Console.Phantom.PhantomConsoleOutput)" line-rate="1" branch-rate="1" complexity="1">
              <lines>
                <line number="80" hits="62" branch="False" />
                <line number="82" hits="62" branch="False" />
                <line number="83" hits="62" branch="False" />
              </lines>
            </method>
          </methods>
          <lines>
            <line number="78" hits="49" branch="False" />
            <line number="87" hits="2" branch="False" />
            <line number="88" hits="2" branch="False" />
            <line number="92" hits="323" branch="True" condition-coverage="100% (2/2)">
              <conditions>
                <condition number="1" type="jump" coverage="100%" />
              </conditions>
            </line>
            <line number="94" hits="322" branch="False" />
            <line number="96" hits="323" branch="False" />
            <line number="100" hits="2" branch="False" />
            <line number="101" hits="2" branch="False" />
            <line number="105" hits="3" branch="True" condition-coverage="100% (2/2)">
              <conditions>
                <condition number="1" type="jump" coverage="100%" />
              </conditions>
            </line>
            <line number="107" hits="2" branch="False" />
            <line number="110" hits="3" branch="False" />
            <line number="111" hits="3" branch="False" />
            <line number="115" hits="2" branch="False" />
            <line number="116" hits="2" branch="False" />
            <line number="80" hits="62" branch="False" />
            <line number="82" hits="62" branch="False" />
            <line number="83" hits="62" branch="False" />
          </lines>
        </class>
        <class name="Spectre.Console.Phantom.PhantomTerminal" filename="PhantomTerminal.cs" line-rate="1" branch-rate="0.9652" complexity="129">
          <methods>
            <method name="get_Screen" signature="()" line-rate="1" branch-rate="1" complexity="4">
              <lines>
                <line number="32" hits="4992" branch="True" condition-coverage="100% (4/4)">
                  <conditions>
                    <condition number="6" type="jump" coverage="100%" />
                    <condition number="14" type="jump" coverage="100%" />
                  </conditions>
                </line>
                <line number="33" hits="4992" branch="False" />
                <line number="34" hits="4992" branch="False" />
              </lines>
            </method>
            <method name="get_CursorRow" signature="()" line-rate="1" branch-rate="1" complexity="1">
              <lines>
                <line number="39" hits="15" branch="False" />
              </lines>
            </method>
            <method name="get_CursorCol" signature="()" line-rate="1" branch-rate="1" complexity="1">
              <lines>
                <line number="44" hits="19" branch="False" />
              </lines>
            </method>
            <method name="get_CursorVisible" signature="()" line-rate="1" branch-rate="1" complexity="1">
              <lines>
                <line number="49" hits="7" branch="False" />
              </lines>
            </method>
            <method name="get_IsAlternateScreen" signature="()" line-rate="1" branch-rate="1" complexity="1">
              <lines>
                <line number="54" hits="6" branch="False" />
              </lines>
            </method>
            <method name="get_Width" signature="()" line-rate="1" branch-rate="1" complexity="1">
              <lines>
                <line number="59" hits="2352" branch="False" />
              </lines>
            </method>
            <method name="get_Height" signature="()" line-rate="1" branch-rate="1" complexity="1">
              <lines>
                <line number="64" hits="197" branch="False" />
              </lines>
            </method>
            <method name="get_SequenceHistory" signature="()" line-rate="1" branch-rate="1" complexity="1">
              <lines>
                <line number="69" hits="8" branch="False" />
              </lines>
            </method>
            <method name="Write" signature="(System.String)" line-rate="1" branch-rate="1" complexity="2">
              <lines>
                <line number="84" hits="458" branch="False" />
                <line number="86" hits="457" branch="False" />
                <line number="87" hits="2264" branch="True" condition-coverage="100% (2/2)">
                  <conditions>
                    <condition number="59" type="jump" coverage="100%" />
                  </conditions>
                </line>
                <line number="89" hits="675" branch="False" />
                <line number="90" hits="675" branch="False" />
                <line number="92" hits="457" branch="False" />
              </lines>
            </method>
            <method name="GetScreenText" signature="()" line-rate="1" branch-rate="1" complexity="1">
              <lines>
                <line number="99" hits="5" branch="False" />
              </lines>
            </method>
            <method name="GetRowText" signature="(System.Int32)" line-rate="1" branch-rate="1" complexity="1">
              <lines>
                <line number="107" hits="52" branch="False" />
              </lines>
            </method>
            <method name="ContainsText" signature="(System.String)" line-rate="1" branch-rate="1" complexity="1">
              <lines>
                <line number="115" hits="58" branch="False" />
              </lines>
            </method>
            <method name="FindText" signature="(System.String)" line-rate="1" branch-rate="1" complexity="1">
              <lines>
                <line number="123" hits="13" branch="False" />
              </lines>
            </method>
            <method name="GetCell" signature="(System.Int32,System.Int32)" line-rate="1" branch-rate="1" complexity="1">
              <lines>
                <line number="131" hits="10" branch="False" />
              </lines>
            </method>
            <method name="Reset" signature="()" line-rate="1" branch-rate="1" complexity="1">
              <lines>
                <line number="139" hits="3" branch="False" />
                <line number="140" hits="3" branch="False" />
                <line number="141" hits="3" branch="False" />
                <line number="142" hits="3" branch="False" />
                <line number="143" hits="3" branch="False" />
                <line number="144" hits="3" branch="False" />
                <line number="145" hits="3" branch="False" />
                <line number="146" hits="3" branch="False" />
                <line number="147" hits="3" branch="False" />
                <line number="148" hits="3" branch="False" />
                <line number="149" hits="3" branch="False" />
                <line number="150" hits="3" branch="False" />
              </lines>
            </method>
            <method name="ProcessSequence" signature="(Spectre.Console.Phantom.AnsiSequence)" line-rate="1" branch-rate="0.9704999999999999" complexity="34">
              <lines>
                <line number="157" hits="253" branch="True" condition-coverage="96.66% (29/30)">
                  <conditions>
                    <condition number="8" type="jump" coverage="100%" />
                    <condition number="19" type="jump" coverage="100%" />
                    <condition number="30" type="jump" coverage="100%" />
                    <condition number="41" type="jump" coverage="100%" />
                    <condition number="54" type="jump" coverage="100%" />
                    <condition number="67" type="jump" coverage="100%" />
                    <condition number="80" type="jump" coverage="100%" />
                    <condition number="95" type="jump" coverage="100%" />
                    <condition number="106" type="jump" coverage="100%" />
                    <condition number="117" type="jump" coverage="100%" />
                    <condition number="132" type="jump" coverage="100%" />
                    <condition number="147" type="jump" coverage="100%" />
                    <condition number="162" type="jump" coverage="100%" />
                    <condition number="177" type="jump" coverage="100%" />
                    <condition number="192" type="jump" coverage="50%" />
                  </conditions>
                </line>
                <line number="158" hits="253" branch="False" />
                <line number="160" hits="127" branch="False" />
                <line number="161" hits="127" branch="False" />
                <line number="163" hits="108" branch="False" />
                <line number="164" hits="108" branch="False" />
                <line number="166" hits="2" branch="True" condition-coverage="100% (2/2)">
                  <conditions>
                    <condition number="233" type="jump" coverage="100%" />
                  </conditions>
                </line>
                <line number="168" hits="1" branch="False" />
                <line number="170" hits="1" branch="False" />
                <line number="172" hits="120" branch="False" />
                <line number="173" hits="120" branch="False" />
                <line number="175" hits="8" branch="False" />
                <line number="176" hits="8" branch="False" />
                <line number="179" hits="6" branch="False" />
                <line number="180" hits="6" branch="False" />
                <line number="181" hits="6" branch="False" />
                <line number="183" hits="4" branch="False" />
                <line number="184" hits="4" branch="False" />
                <line number="186" hits="9" branch="False" />
                <line number="187" hits="9" branch="False" />
                <line number="188" hits="9" branch="False" />
                <line number="190" hits="8" branch="False" />
                <line number="191" hits="8" branch="False" />
                <line number="192" hits="8" branch="False" />
                <line number="194" hits="6" branch="False" />
                <line number="195" hits="6" branch="False" />
                <line number="197" hits="8" branch="False" />
                <line number="198" hits="8" branch="False" />
                <line number="200" hits="3" branch="False" />
                <line number="201" hits="3" branch="False" />
                <line number="203" hits="9" branch="False" />
                <line number="204" hits="9" branch="False" />
                <line number="206" hits="4" branch="True" condition-coverage="100% (2/2)">
                  <conditions>
                    <condition number="491" type="jump" coverage="100%" />
                  </conditions>
                </line>
                <line number="209" hits="5" branch="False" />
              </lines>
            </method>
            <method name="WriteText" signature="(System.String)" line-rate="1" branch-rate="1" complexity="6">
              <lines>
                <line number="213" hits="4980" branch="True" condition-coverage="100% (2/2)">
                  <conditions>
                    <condition number="163" type="jump" coverage="100%" />
                  </conditions>
                </line>
                <line number="215" hits="2237" branch="True" condition-coverage="100% (2/2)">
                  <conditions>
                    <condition number="29" type="jump" coverage="100%" />
                  </conditions>
                </line>
                <line number="218" hits="3" branch="False" />
                <line number="219" hits="3" branch="False" />
                <line number="220" hits="3" branch="True" condition-coverage="100% (2/2)">
                  <conditions>
                    <condition number="64" type="jump" coverage="100%" />
                  </conditions>
                </line>
                <line number="222" hits="1" branch="False" />
                <line number="223" hits="1" branch="False" />
                <line number="227" hits="2237" branch="False" />
                <line number="228" hits="2237" branch="False" />
                <line number="229" hits="2237" branch="False" />
                <line number="231" hits="253" branch="False" />
              </lines>
            </method>
            <method name="NewLine" signature="()" line-rate="1" branch-rate="1" complexity="2">
              <lines>
                <line number="235" hits="127" branch="False" />
                <line number="236" hits="127" branch="False" />
                <line number="237" hits="127" branch="True" condition-coverage="100% (2/2)">
                  <conditions>
                    <condition number="33" type="jump" coverage="100%" />
                  </conditions>
                </line>
                <line number="239" hits="1" branch="False" />
                <line number="240" hits="1" branch="False" />
                <line number="242" hits="127" branch="False" />
              </lines>
            </method>
            <method name="MoveCursor" signature="(Spectre.Console.Phantom.CursorDirection,System.Int32)" line-rate="1" branch-rate="0.8" complexity="5">
              <lines>
                <line number="249" hits="2" branch="True" condition-coverage="80% (4/5)">
                  <conditions>
                    <condition number="1" type="switch" coverage="80%" />
                  </conditions>
                </line>
                <line number="250" hits="2" branch="False" />
                <line number="252" hits="2" branch="False" />
                <line number="253" hits="2" branch="False" />
                <line number="255" hits="2" branch="False" />
                <line number="256" hits="2" branch="False" />
                <line number="258" hits="2" branch="False" />
                <line number="261" hits="2" branch="False" />
              </lines>
            </method>
            <method name="ProcessEraseInDisplay" signature="(Spectre.Console.Phantom.EraseMode)" line-rate="1" branch-rate="0.8" complexity="5">
              <lines>
                <line number="268" hits="5" branch="True" condition-coverage="80% (4/5)">
                  <conditions>
                    <condition number="1" type="switch" coverage="80%" />
                  </conditions>
                </line>
                <line number="269" hits="5" branch="False" />
                <line number="271" hits="1" branch="False" />
                <line number="272" hits="1" branch="False" />
                <line number="275" hits="2" branch="False" />
                <line number="278" hits="2" branch="False" />
              </lines>
            </method>
            <method name="ProcessEraseInLine" signature="(Spectre.Console.Phantom.EraseMode)" line-rate="1" branch-rate="0.75" complexity="4">
              <lines>
                <line number="285" hits="1" branch="True" condition-coverage="75% (3/4)">
                  <conditions>
                    <condition number="1" type="switch" coverage="75%" />
                  </conditions>
                </line>
                <line number="286" hits="1" branch="False" />
                <line number="288" hits="1" branch="False" />
                <line number="289" hits="1" branch="False" />
                <line number="291" hits="1" branch="False" />
                <line number="294" hits="1" branch="False" />
              </lines>
            </method>
            <method name="ProcessAlternateScreen" signature="(System.Boolean)" line-rate="1" branch-rate="1" complexity="4">
              <lines>
                <line number="298" hits="9" branch="True" condition-coverage="100% (2/2)">
                  <conditions>
                    <condition number="1" type="jump" coverage="100%" />
                  </conditions>
                </line>
                <line number="301" hits="6" branch="False" />
                <line number="302" hits="6" branch="False" />
                <line number="303" hits="6" branch="True" condition-coverage="100% (2/2)">
                  <conditions>
                    <condition number="33" type="jump" coverage="100%" />
                  </conditions>
                </line>
                <line number="304" hits="6" branch="False" />
                <line number="306" hits="6" branch="False" />
                <line number="307" hits="6" branch="False" />
                <line number="311" hits="3" branch="False" />
                <line number="313" hits="3" branch="False" />
                <line number="314" hits="3" branch="False" />
                <line number="316" hits="3" branch="False" />
              </lines>
            </method>
            <method name="ApplySgr" signature="(System.Int32[])" line-rate="1" branch-rate="1" complexity="35">
              <lines>
                <line number="320" hits="120" branch="False" />
                <line number="321" hits="252" branch="True" condition-coverage="100% (2/2)">
                  <conditions>
                    <condition number="561" type="jump" coverage="100%" />
                  </conditions>
                </line>
                <line number="323" hits="132" branch="True" condition-coverage="100% (33/33)">
                  <conditions>
                    <condition number="14" type="jump" coverage="100%" />
                    <condition number="19" type="jump" coverage="100%" />
                    <condition number="50" type="jump" coverage="100%" />
                    <condition number="55" type="jump" coverage="100%" />
                    <condition number="63" type="jump" coverage="100%" />
                    <condition number="84" type="jump" coverage="100%" />
                    <condition number="89" type="jump" coverage="100%" />
                    <condition number="108" type="switch" coverage="100%" />
                    <condition number="37" type="jump" coverage="100%" />
                    <condition number="24" type="jump" coverage="100%" />
                    <condition number="97" type="jump" coverage="100%" />
                    <condition number="71" type="jump" coverage="100%" />
                  </conditions>
                </line>
                <line number="327" hits="44" branch="False" />
                <line number="328" hits="44" branch="False" />
                <line number="329" hits="44" branch="False" />
                <line number="330" hits="44" branch="False" />
                <line number="334" hits="10" branch="False" />
                <line number="335" hits="10" branch="False" />
                <line number="337" hits="2" branch="False" />
                <line number="338" hits="2" branch="False" />
                <line number="340" hits="4" branch="False" />
                <line number="341" hits="4" branch="False" />
                <line number="343" hits="3" branch="False" />
                <line number="344" hits="3" branch="False" />
                <line number="346" hits="1" branch="False" />
                <line number="347" hits="1" branch="False" />
                <line number="349" hits="1" branch="False" />
                <line number="350" hits="1" branch="False" />
                <line number="352" hits="1" branch="False" />
                <line number="353" hits="1" branch="False" />
                <line number="355" hits="1" branch="False" />
                <line number="356" hits="1" branch="False" />
                <line number="358" hits="2" branch="False" />
                <line number="359" hits="2" branch="False" />
                <line number="364" hits="10" branch="False" />
                <line number="365" hits="10" branch="False" />
                <line number="370" hits="8" branch="False" />
                <line number="371" hits="8" branch="False" />
                <line number="375" hits="39" branch="False" />
                <line number="376" hits="39" branch="False" />
                <line number="380" hits="3" branch="False" />
                <line number="381" hits="3" branch="False" />
                <line number="385" hits="1" branch="False" />
                <line number="386" hits="1" branch="False" />
                <line number="390" hits="1" branch="False" />
                <line number="394" hits="132" branch="False" />
                <line number="396" hits="120" branch="False" />
              </lines>
            </method>
            <method name="ParseExtendedColor" signature="(System.Int32[],System.Int32,System.Boolean)" line-rate="1" branch-rate="1" complexity="14">
              <lines>
                <line number="400" hits="42" branch="True" condition-coverage="100% (2/2)">
                  <conditions>
                    <condition number="6" type="jump" coverage="100%" />
                  </conditions>
                </line>
                <line number="402" hits="1" branch="False" />
                <line number="405" hits="41" branch="False" />
                <line number="406" hits="41" branch="True" condition-coverage="100% (4/4)">
                  <conditions>
                    <condition number="20" type="jump" coverage="100%" />
                    <condition number="24" type="jump" coverage="100%" />
                  </conditions>
                </line>
                <line number="408" hits="37" branch="True" condition-coverage="100% (2/2)">
                  <conditions>
                    <condition number="35" type="jump" coverage="100%" />
                  </conditions>
                </line>
                <line number="410" hits="36" branch="False" />
                <line number="411" hits="36" branch="True" condition-coverage="100% (2/2)">
                  <conditions>
                    <condition number="52" type="jump" coverage="100%" />
                  </conditions>
                </line>
                <line number="413" hits="34" branch="False" />
                <line number="417" hits="2" branch="False" />
                <line number="419" hits="36" branch="False" />
                <line number="421" hits="3" branch="True" condition-coverage="100% (2/2)">
                  <conditions>
                    <condition number="100" type="jump" coverage="100%" />
                  </conditions>
                </line>
                <line number="423" hits="2" branch="False" />
                <line number="424" hits="2" branch="False" />
                <line number="425" hits="2" branch="False" />
                <line number="426" hits="2" branch="False" />
                <line number="427" hits="2" branch="True" condition-coverage="100% (2/2)">
                  <conditions>
                    <condition number="127" type="jump" coverage="100%" />
                  </conditions>
                </line>
                <line number="429" hits="1" branch="False" />
                <line number="433" hits="1" branch="False" />
                <line number="435" hits="2" branch="False" />
                <line number="438" hits="3" branch="False" />
              </lines>
            </method>
            <method name=".ctor" signature="(System.Int32,System.Int32)" line-rate="1" branch-rate="1" complexity="1">
              <lines>
                <line number="20" hits="142" branch="False" />
                <line number="23" hits="142" branch="False" />
                <line number="27" hits="142" branch="False" />
                <line number="74" hits="142" branch="False" />
                <line number="76" hits="142" branch="False" />
                <line number="77" hits="142" branch="False" />
              </lines>
            </method>
          </methods>
          <lines>
            <line number="32" hits="4992" branch="True" condition-coverage="100% (4/4)">
              <conditions>
                <condition number="6" type="jump" coverage="100%" />
                <condition number="14" type="jump" coverage="100%" />
              </conditions>
            </line>
            <line number="33" hits="4992" branch="False" />
            <line number="34" hits="4992" branch="False" />
            <line number="39" hits="15" branch="False" />
            <line number="44" hits="19" branch="False" />
            <line number="49" hits="7" branch="False" />
            <line number="54" hits="6" branch="False" />
            <line number="59" hits="2352" branch="False" />
            <line number="64" hits="197" branch="False" />
            <line number="69" hits="8" branch="False" />
            <line number="84" hits="458" branch="False" />
            <line number="86" hits="457" branch="False" />
            <line number="87" hits="2264" branch="True" condition-coverage="100% (2/2)">
              <conditions>
                <condition number="59" type="jump" coverage="100%" />
              </conditions>
            </line>
            <line number="89" hits="675" branch="False" />
            <line number="90" hits="675" branch="False" />
            <line number="92" hits="457" branch="False" />
            <line number="99" hits="5" branch="False" />
            <line number="107" hits="52" branch="False" />
            <line number="115" hits="58" branch="False" />
            <line number="123" hits="13" branch="False" />
            <line number="131" hits="10" branch="False" />
            <line number="139" hits="3" branch="False" />
            <line number="140" hits="3" branch="False" />
            <line number="141" hits="3" branch="False" />
            <line number="142" hits="3" branch="False" />
            <line number="143" hits="3" branch="False" />
            <line number="144" hits="3" branch="False" />
            <line number="145" hits="3" branch="False" />
            <line number="146" hits="3" branch="False" />
            <line number="147" hits="3" branch="False" />
            <line number="148" hits="3" branch="False" />
            <line number="149" hits="3" branch="False" />
            <line number="150" hits="3" branch="False" />
            <line number="157" hits="253" branch="True" condition-coverage="96.66% (29/30)">
              <conditions>
                <condition number="8" type="jump" coverage="100%" />
                <condition number="19" type="jump" coverage="100%" />
                <condition number="30" type="jump" coverage="100%" />
                <condition number="41" type="jump" coverage="100%" />
                <condition number="54" type="jump" coverage="100%" />
                <condition number="67" type="jump" coverage="100%" />
                <condition number="80" type="jump" coverage="100%" />
                <condition number="95" type="jump" coverage="100%" />
                <condition number="106" type="jump" coverage="100%" />
                <condition number="117" type="jump" coverage="100%" />
                <condition number="132" type="jump" coverage="100%" />
                <condition number="147" type="jump" coverage="100%" />
                <condition number="162" type="jump" coverage="100%" />
                <condition number="177" type="jump" coverage="100%" />
                <condition number="192" type="jump" coverage="50%" />
              </conditions>
            </line>
            <line number="158" hits="253" branch="False" />
            <line number="160" hits="127" branch="False" />
            <line number="161" hits="127" branch="False" />
            <line number="163" hits="108" branch="False" />
            <line number="164" hits="108" branch="False" />
            <line number="166" hits="2" branch="True" condition-coverage="100% (2/2)">
              <conditions>
                <condition number="233" type="jump" coverage="100%" />
              </conditions>
            </line>
            <line number="168" hits="1" branch="False" />
            <line number="170" hits="1" branch="False" />
            <line number="172" hits="120" branch="False" />
            <line number="173" hits="120" branch="False" />
            <line number="175" hits="8" branch="False" />
            <line number="176" hits="8" branch="False" />
            <line number="179" hits="6" branch="False" />
            <line number="180" hits="6" branch="False" />
            <line number="181" hits="6" branch="False" />
            <line number="183" hits="4" branch="False" />
            <line number="184" hits="4" branch="False" />
            <line number="186" hits="9" branch="False" />
            <line number="187" hits="9" branch="False" />
            <line number="188" hits="9" branch="False" />
            <line number="190" hits="8" branch="False" />
            <line number="191" hits="8" branch="False" />
            <line number="192" hits="8" branch="False" />
            <line number="194" hits="6" branch="False" />
            <line number="195" hits="6" branch="False" />
            <line number="197" hits="8" branch="False" />
            <line number="198" hits="8" branch="False" />
            <line number="200" hits="3" branch="False" />
            <line number="201" hits="3" branch="False" />
            <line number="203" hits="9" branch="False" />
            <line number="204" hits="9" branch="False" />
            <line number="206" hits="4" branch="True" condition-coverage="100% (2/2)">
              <conditions>
                <condition number="491" type="jump" coverage="100%" />
              </conditions>
            </line>
            <line number="209" hits="5" branch="False" />
            <line number="213" hits="4980" branch="True" condition-coverage="100% (2/2)">
              <conditions>
                <condition number="163" type="jump" coverage="100%" />
              </conditions>
            </line>
            <line number="215" hits="2237" branch="True" condition-coverage="100% (2/2)">
              <conditions>
                <condition number="29" type="jump" coverage="100%" />
              </conditions>
            </line>
            <line number="218" hits="3" branch="False" />
            <line number="219" hits="3" branch="False" />
            <line number="220" hits="3" branch="True" condition-coverage="100% (2/2)">
              <conditions>
                <condition number="64" type="jump" coverage="100%" />
              </conditions>
            </line>
            <line number="222" hits="1" branch="False" />
            <line number="223" hits="1" branch="False" />
            <line number="227" hits="2237" branch="False" />
            <line number="228" hits="2237" branch="False" />
            <line number="229" hits="2237" branch="False" />
            <line number="231" hits="253" branch="False" />
            <line number="235" hits="127" branch="False" />
            <line number="236" hits="127" branch="False" />
            <line number="237" hits="127" branch="True" condition-coverage="100% (2/2)">
              <conditions>
                <condition number="33" type="jump" coverage="100%" />
              </conditions>
            </line>
            <line number="239" hits="1" branch="False" />
            <line number="240" hits="1" branch="False" />
            <line number="242" hits="127" branch="False" />
            <line number="249" hits="2" branch="True" condition-coverage="80% (4/5)">
              <conditions>
                <condition number="1" type="switch" coverage="80%" />
              </conditions>
            </line>
            <line number="250" hits="2" branch="False" />
            <line number="252" hits="2" branch="False" />
            <line number="253" hits="2" branch="False" />
            <line number="255" hits="2" branch="False" />
            <line number="256" hits="2" branch="False" />
            <line number="258" hits="2" branch="False" />
            <line number="261" hits="2" branch="False" />
            <line number="268" hits="5" branch="True" condition-coverage="80% (4/5)">
              <conditions>
                <condition number="1" type="switch" coverage="80%" />
              </conditions>
            </line>
            <line number="269" hits="5" branch="False" />
            <line number="271" hits="1" branch="False" />
            <line number="272" hits="1" branch="False" />
            <line number="275" hits="2" branch="False" />
            <line number="278" hits="2" branch="False" />
            <line number="285" hits="1" branch="True" condition-coverage="75% (3/4)">
              <conditions>
                <condition number="1" type="switch" coverage="75%" />
              </conditions>
            </line>
            <line number="286" hits="1" branch="False" />
            <line number="288" hits="1" branch="False" />
            <line number="289" hits="1" branch="False" />
            <line number="291" hits="1" branch="False" />
            <line number="294" hits="1" branch="False" />
            <line number="298" hits="9" branch="True" condition-coverage="100% (2/2)">
              <conditions>
                <condition number="1" type="jump" coverage="100%" />
              </conditions>
            </line>
            <line number="301" hits="6" branch="False" />
            <line number="302" hits="6" branch="False" />
            <line number="303" hits="6" branch="True" condition-coverage="100% (2/2)">
              <conditions>
                <condition number="33" type="jump" coverage="100%" />
              </conditions>
            </line>
            <line number="304" hits="6" branch="False" />
            <line number="306" hits="6" branch="False" />
            <line number="307" hits="6" branch="False" />
            <line number="311" hits="3" branch="False" />
            <line number="313" hits="3" branch="False" />
            <line number="314" hits="3" branch="False" />
            <line number="316" hits="3" branch="False" />
            <line number="320" hits="120" branch="False" />
            <line number="321" hits="252" branch="True" condition-coverage="100% (2/2)">
              <conditions>
                <condition number="561" type="jump" coverage="100%" />
              </conditions>
            </line>
            <line number="323" hits="132" branch="True" condition-coverage="100% (33/33)">
              <conditions>
                <condition number="14" type="jump" coverage="100%" />
                <condition number="19" type="jump" coverage="100%" />
                <condition number="50" type="jump" coverage="100%" />
                <condition number="55" type="jump" coverage="100%" />
                <condition number="63" type="jump" coverage="100%" />
                <condition number="84" type="jump" coverage="100%" />
                <condition number="89" type="jump" coverage="100%" />
                <condition number="108" type="switch" coverage="100%" />
                <condition number="37" type="jump" coverage="100%" />
                <condition number="24" type="jump" coverage="100%" />
                <condition number="97" type="jump" coverage="100%" />
[...]
            </line>
            <line number="65" hits="4" branch="False" />
            <line number="68" hits="2452" branch="False" />
            <line number="69" hits="2452" branch="False" />
            <line number="70" hits="2452" branch="False" />
            <line number="71" hits="2452" branch="False" />
            <line number="79" hits="564" branch="True" condition-coverage="100% (2/2)">
              <conditions>
                <condition number="46" type="jump" coverage="100%" />
              </conditions>
            </line>
            <line number="81" hits="274" branch="True" condition-coverage="100% (4/4)">
              <conditions>
                <condition number="6" type="jump" coverage="100%" />
                <condition number="15" type="jump" coverage="100%" />
              </conditions>
            </line>
            <line number="83" hits="264" branch="False" />
            <line number="88" hits="170" branch="True" condition-coverage="100% (2/2)">
              <conditions>
                <condition number="100" type="jump" coverage="100%" />
              </conditions>
            </line>
            <line number="90" hits="9724" branch="True" condition-coverage="100% (2/2)">
              <conditions>
                <condition number="87" type="jump" coverage="100%" />
              </conditions>
            </line>
            <line number="92" hits="4785" branch="False" />
            <line number="95" hits="8" branch="False" />
            <line number="103" hits="8" branch="True" condition-coverage="100% (2/2)">
              <conditions>
                <condition number="45" type="jump" coverage="100%" />
              </conditions>
            </line>
            <line number="105" hits="184" branch="True" condition-coverage="100% (2/2)">
              <conditions>
                <condition number="37" type="jump" coverage="100%" />
              </conditions>
            </line>
            <line number="107" hits="90" branch="False" />
            <line number="112" hits="20" branch="True" condition-coverage="100% (4/4)">
              <conditions>
                <condition number="97" type="jump" coverage="100%" />
                <condition number="88" type="jump" coverage="100%" />
              </conditions>
            </line>
            <line number="114" hits="8" branch="True" condition-coverage="100% (4/4)">
              <conditions>
                <condition number="53" type="jump" coverage="100%" />
                <condition number="62" type="jump" coverage="100%" />
              </conditions>
            </line>
            <line number="116" hits="8" branch="False" />
            <line number="119" hits="2" branch="False" />
            <line number="126" hits="258" branch="True" condition-coverage="100% (2/2)">
              <conditions>
                <condition number="50" type="jump" coverage="100%" />
              </conditions>
            </line>
            <line number="128" hits="19476" branch="True" condition-coverage="100% (2/2)">
              <conditions>
                <condition number="37" type="jump" coverage="100%" />
              </conditions>
            </line>
            <line number="130" hits="9615" branch="False" />
            <line number="133" hits="6" branch="False" />
            <line number="140" hits="4" branch="True" condition-coverage="100% (4/4)">
              <conditions>
                <condition number="2" type="jump" coverage="100%" />
                <condition number="11" type="jump" coverage="100%" />
              </conditions>
            </line>
            <line number="142" hits="2" branch="False" />
            <line number="145" hits="164" branch="True" condition-coverage="100% (2/2)">
              <conditions>
                <condition number="47" type="jump" coverage="100%" />
              </conditions>
            </line>
            <line number="147" hits="80" branch="False" />
            <line number="149" hits="2" branch="False" />
            <line number="156" hits="4" branch="True" condition-coverage="100% (4/4)">
              <conditions>
                <condition number="2" type="jump" coverage="100%" />
                <condition number="11" type="jump" coverage="100%" />
              </conditions>
            </line>
            <line number="158" hits="2" branch="False" />
            <line number="161" hits="26" branch="True" condition-coverage="100% (4/4)">
              <conditions>
                <condition number="51" type="jump" coverage="100%" />
                <condition number="42" type="jump" coverage="100%" />
              </conditions>
            </line>
            <line number="163" hits="11" branch="False" />
            <line number="165" hits="2" branch="False" />
            <line number="172" hits="4" branch="True" condition-coverage="100% (4/4)">
              <conditions>
                <condition number="2" type="jump" coverage="100%" />
                <condition number="11" type="jump" coverage="100%" />
              </conditions>
            </line>
            <line number="174" hits="2" branch="False" />
            <line number="177" hits="184" branch="True" condition-coverage="100% (2/2)">
              <conditions>
                <condition number="47" type="jump" coverage="100%" />
              </conditions>
            </line>
            <line number="179" hits="90" branch="False" />
            <line number="181" hits="2" branch="False" />
            <line number="188" hits="22" branch="True" condition-coverage="100% (2/2)">
              <conditions>
                <condition number="83" type="jump" coverage="100%" />
              </conditions>
            </line>
            <line number="190" hits="424" branch="True" condition-coverage="100% (2/2)">
              <conditions>
                <condition number="68" type="jump" coverage="100%" />
              </conditions>
            </line>
            <line number="192" hits="205" branch="False" />
            <line number="193" hits="205" branch="False" />
            <line number="194" hits="205" branch="False" />
            <line number="195" hits="205" branch="False" />
            <line number="200" hits="218" branch="True" condition-coverage="100% (2/2)">
              <conditions>
                <condition number="130" type="jump" coverage="100%" />
              </conditions>
            </line>
            <line number="202" hits="105" branch="False" />
            <line number="204" hits="4" branch="False" />
            <line number="211" hits="475" branch="False" />
            <line number="213" hits="473" branch="False" />
            <line number="214" hits="58776" branch="True" condition-coverage="100% (2/2)">
              <conditions>
                <condition number="59" type="jump" coverage="100%" />
              </conditions>
            </line>
            <line number="216" hits="28915" branch="False" />
            <line number="219" hits="473" branch="False" />
            <line number="228" hits="10" branch="False" />
            <line number="229" hits="344" branch="True" condition-coverage="100% (2/2)">
              <conditions>
                <condition number="40" type="jump" coverage="100%" />
              </conditions>
            </line>
            <line number="231" hits="162" branch="False" />
            <line number="235" hits="149" branch="True" condition-coverage="100% (4/4)">
              <conditions>
                <condition number="86" type="jump" coverage="100%" />
                <condition number="65" type="jump" coverage="100%" />
              </conditions>
            </line>
            <line number="237" hits="139" branch="False" />
            <line number="240" hits="10" branch="False" />
            <line number="248" hits="2" branch="False" />
            <line number="249" hits="12" branch="True" condition-coverage="100% (4/4)">
              <conditions>
                <condition number="116" type="jump" coverage="100%" />
                <condition number="107" type="jump" coverage="100%" />
              </conditions>
            </line>
            <line number="251" hits="4" branch="True" condition-coverage="100% (2/2)">
              <conditions>
                <condition number="12" type="jump" coverage="100%" />
              </conditions>
            </line>
            <line number="253" hits="2" branch="False" />
            <line number="256" hits="4" branch="True" condition-coverage="100% (2/2)">
              <conditions>
                <condition number="25" type="jump" coverage="100%" />
              </conditions>
            </line>
            <line number="257" hits="4" branch="True" condition-coverage="100% (2/2)">
              <conditions>
                <condition number="34" type="jump" coverage="100%" />
              </conditions>
            </line>
            <line number="258" hits="64" branch="True" condition-coverage="100% (4/4)">
              <conditions>
                <condition number="99" type="jump" coverage="100%" />
                <condition number="89" type="jump" coverage="100%" />
              </conditions>
            </line>
            <line number="260" hits="28" branch="False" />
            <line number="264" hits="2" branch="False" />
            <line number="272" hits="6" branch="True" condition-coverage="100% (8/8)">
              <conditions>
                <condition number="2" type="jump" coverage="100%" />
                <condition number="11" type="jump" coverage="100%" />
                <condition number="15" type="jump" coverage="100%" />
                <condition number="24" type="jump" coverage="100%" />
              </conditions>
            </line>
            <line number="274" hits="4" branch="False" />
            <line number="277" hits="2" branch="False" />
            <line number="286" hits="80" branch="False" />
            <line number="288" hits="510" branch="True" condition-coverage="100% (2/2)">
              <conditions>
                <condition number="60" type="jump" coverage="100%" />
              </conditions>
            </line>
            <line number="290" hits="247" branch="False" />
            <line number="291" hits="247" branch="False" />
            <line number="292" hits="247" branch="True" condition-coverage="100% (2/2)">
              <conditions>
                <condition number="34" type="jump" coverage="100%" />
              </conditions>
            </line>
            <line number="294" hits="71" branch="False" />
            <line number="298" hits="8" branch="False" />
            <line number="306" hits="64" branch="False" />
            <line number="311" hits="7570" branch="True" condition-coverage="100% (2/2)">
              <conditions>
                <condition number="50" type="jump" coverage="100%" />
              </conditions>
            </line>
            <line number="313" hits="511972" branch="True" condition-coverage="100% (2/2)">
              <conditions>
                <condition number="37" type="jump" coverage="100%" />
              </conditions>
            </line>
            <line number="315" hits="252405" branch="False" />
            <line number="318" hits="204" branch="False" />
            <line number="322" hits="121" branch="True" condition-coverage="100% (4/4)">
              <conditions>
                <condition number="2" type="jump" coverage="100%" />
                <condition number="11" type="jump" coverage="100%" />
              </conditions>
            </line>
            <line number="324" hits="2" branch="False" />
            <line number="327" hits="119" branch="True" condition-coverage="100% (4/4)">
              <conditions>
                <condition number="100" type="jump" coverage="100%" />
                <condition number="109" type="jump" coverage="100%" />
              </conditions>
            </line>
            <line number="329" hits="2" branch="False" />
            <line number="331" hits="117" branch="False" />
            <line number="335" hits="475" branch="True" condition-coverage="100% (4/4)">
              <conditions>
                <condition number="2" type="jump" coverage="100%" />
                <condition number="11" type="jump" coverage="100%" />
              </conditions>
            </line>
            <line number="337" hits="2" branch="False" />
            <line number="339" hits="473" branch="False" />
            <line number="26" hits="210" branch="False" />
            <line number="28" hits="210" branch="True" condition-coverage="100% (2/2)">
              <conditions>
                <condition number="8" type="jump" coverage="100%" />
              </conditions>
            </line>
            <line number="30" hits="3" branch="False" />
            <line number="33" hits="207" branch="True" condition-coverage="100% (2/2)">
              <conditions>
                <condition number="28" type="jump" coverage="100%" />
              </conditions>
            </line>
            <line number="35" hits="3" branch="False" />
            <line number="38" hits="204" branch="False" />
            <line number="39" hits="204" branch="False" />
            <line number="40" hits="204" branch="False" />
            <line number="41" hits="204" branch="False" />
            <line number="42" hits="204" branch="False" />
          </lines>
        </class>
        <class name="Spectre.Console.Phantom.ScreenCell" filename="ScreenCell.cs" line-rate="1" branch-rate="1" complexity="8">
          <methods>
            <method name="get_Character" signature="()" line-rate="1" branch-rate="1" complexity="1">
              <lines>
                <line number="12" hits="299513" branch="False" />
              </lines>
            </method>
            <method name="get_Foreground" signature="()" line-rate="1" branch-rate="1" complexity="1">
              <lines>
                <line number="17" hits="20505" branch="False" />
              </lines>
            </method>
            <method name="get_Background" signature="()" line-rate="1" branch-rate="1" complexity="1">
              <lines>
                <line number="22" hits="20463" branch="False" />
              </lines>
            </method>
            <method name="get_Decoration" signature="()" line-rate="1" branch-rate="1" complexity="1">
              <lines>
                <line number="27" hits="20500" branch="False" />
              </lines>
            </method>
            <method name="get_HyperlinkUrl" signature="()" line-rate="1" branch-rate="1" complexity="1">
              <lines>
                <line number="32" hits="22621" branch="False" />
              </lines>
            </method>
            <method name="Reset" signature="()" line-rate="1" branch-rate="1" complexity="1">
              <lines>
                <line number="39" hits="15052" branch="False" />
                <line number="40" hits="15052" branch="False" />
                <line number="41" hits="15052" branch="False" />
                <line number="42" hits="15052" branch="False" />
                <line number="43" hits="15052" branch="False" />
                <line number="44" hits="15052" branch="False" />
              </lines>
            </method>
            <method name="CopyStyleFrom" signature="(Spectre.Console.Phantom.ScreenCell)" line-rate="1" branch-rate="1" complexity="1">
              <lines>
                <line number="51" hits="2659" branch="False" />
                <line number="52" hits="2658" branch="False" />
                <line number="53" hits="2658" branch="False" />
                <line number="54" hits="2658" branch="False" />
                <line number="55" hits="2658" branch="False" />
                <line number="56" hits="2658" branch="False" />
              </lines>
            </method>
            <method name="ToString" signature="()" line-rate="1" branch-rate="1" complexity="1">
              <lines>
                <line number="60" hits="2" branch="False" />
              </lines>
            </method>
          </methods>
          <lines>
            <line number="12" hits="299513" branch="False" />
            <line number="17" hits="20505" branch="False" />
            <line number="22" hits="20463" branch="False" />
            <line number="27" hits="20500" branch="False" />
            <line number="32" hits="22621" branch="False" />
            <line number="39" hits="15052" branch="False" />
            <line number="40" hits="15052" branch="False" />
            <line number="41" hits="15052" branch="False" />
            <line number="42" hits="15052" branch="False" />
            <line number="43" hits="15052" branch="False" />
            <line number="44" hits="15052" branch="False" />
            <line number="51" hits="2659" branch="False" />
            <line number="52" hits="2658" branch="False" />
            <line number="53" hits="2658" branch="False" />
            <line number="54" hits="2658" branch="False" />
            <line number="55" hits="2658" branch="False" />
            <line number="56" hits="2658" branch="False" />
            <line number="60" hits="2" branch="False" />
          </lines>
        </class>
        <class name="Spectre.Console.Phantom.CellColor" filename="ScreenCell.cs" line-rate="1" branch-rate="1" complexity="8">
          <methods>
            <method name="get_Mode" signature="()" line-rate="1" branch-rate="1" complexity="1">
              <lines>
                <line number="72" hits="115" branch="False" />
              </lines>
            </method>
            <method name="get_Index" signature="()" line-rate="1" branch-rate="1" complexity="1">
              <lines>
                <line number="78" hits="115" branch="False" />
              </lines>
            </method>
            <method name="get_R" signature="()" line-rate="1" branch-rate="1" complexity="1">
              <lines>
                <line number="83" hits="18" branch="False" />
              </lines>
            </method>
            <method name="get_G" signature="()" line-rate="1" branch-rate="1" complexity="1">
              <lines>
                <line number="88" hits="17" branch="False" />
              </lines>
            </method>
            <method name="get_B" signature="()" line-rate="1" branch-rate="1" complexity="1">
              <lines>
                <line number="93" hits="17" branch="False" />
              </lines>
            </method>
            <method name="FromLegacy" signature="(System.Int32)" line-rate="1" branch-rate="1" complexity="1">
              <lines>
                <line number="96" hits="38" branch="False" />
              </lines>
            </method>
            <method name="FromEightBit" signature="(System.Int32)" line-rate="1" branch-rate="1" complexity="1">
              <lines>
                <line number="99" hits="43" branch="False" />
              </lines>
            </method>
            <method name="FromRgb" signature="(System.Byte,System.Byte,System.Byte)" line-rate="1" branch-rate="1" complexity="1">
              <lines>
                <line number="102" hits="10" branch="False" />
              </lines>
            </method>
          </methods>
          <lines>
            <line number="72" hits="115" branch="False" />
            <line number="78" hits="115" branch="False" />
            <line number="83" hits="18" branch="False" />
            <line number="88" hits="17" branch="False" />
            <line number="93" hits="17" branch="False" />
            <line number="96" hits="38" branch="False" />
            <line number="99" hits="43" branch="False" />
            <line number="102" hits="10" branch="False" />
          </lines>
        </class>
      </classes>
    </package>
  </packages>
</coverage>